<?xml version="1.0" encoding="UTF-8"?>
<!-- Generated by org.testng.reporters.JUnitReportReporter -->
<testsuite hostname="DESKTOP-2BLRRP8" failures="0" tests="7" name="Automation_Testing3.Calculator.trignometric_fun" time="53.364" errors="0" timestamp="2026-02-17T18:13:10 IST" skipped="0">
  <testcase classname="Automation_Testing3.Calculator.trignometric_fun" name="launch" time="47.644"/>
  <testcase classname="Automation_Testing3.Calculator.trignometric_fun" name="sine" time="1.501"/>
  <testcase classname="Automation_Testing3.Calculator.trignometric_fun" name="cos" time="0.870"/>
  <testcase classname="Automation_Testing3.Calculator.trignometric_fun" name="tan" time="0.898"/>
  <testcase classname="Automation_Testing3.Calculator.trignometric_fun" name="asine" time="0.821"/>
  <testcase classname="Automation_Testing3.Calculator.trignometric_fun" name="acos" time="1.001"/>
  <testcase classname="Automation_Testing3.Calculator.trignometric_fun" name="atan" time="0.629"/>
</testsuite> <!-- Automation_Testing3.Calculator.trignometric_fun -->
